{"uid":"4730cbfdb6d7fc82","name":"Check that the test case can be deleted","fullName":"tests.ui.TestCaseTest.checkDeleteTestCaseFromList","historyId":"e76caf9a28641ba563c957ca2d3315d4","time":{"start":1737573608267,"stop":1737573612056,"duration":3789},"description":"Check that test case is deleted","descriptionHtml":"<p>Check that test case is deleted</p>\n","status":"failed","statusMessage":"Test case is NOT deleted expected [false] but found [true]","statusTrace":"java.lang.AssertionError: Test case is NOT deleted expected [false] but found [true]\n\tat org.testng.Assert.fail(Assert.java:111)\n\tat org.testng.Assert.failNotEquals(Assert.java:1578)\n\tat org.testng.Assert.assertFalse(Assert.java:79)\n\tat tests.ui.TestCaseTest.checkDeleteTestCaseFromList(TestCaseTest.java:81)\n\tat java.base/jdk.internal.reflect.DirectMethodHandleAccessor.invoke(DirectMethodHandleAccessor.java:103)\n\tat java.base/java.lang.reflect.Method.invoke(Method.java:580)\n\tat org.testng.internal.invokers.MethodInvocationHelper.invokeMethod(MethodInvocationHelper.java:141)\n\tat org.testng.internal.invokers.TestInvoker.invokeMethod(TestInvoker.java:686)\n\tat org.testng.internal.invokers.TestInvoker.retryFailed(TestInvoker.java:269)\n\tat org.testng.internal.invokers.MethodRunner.runInSequence(MethodRunner.java:76)\n\tat org.testng.internal.invokers.TestInvoker$MethodInvocationAgent.invoke(TestInvoker.java:992)\n\tat org.testng.internal.invokers.TestInvoker.invokeTestMethods(TestInvoker.java:203)\n\tat org.testng.internal.invokers.TestMethodWorker.invokeTestMethods(TestMethodWorker.java:154)\n\tat org.testng.internal.invokers.TestMethodWorker.run(TestMethodWorker.java:134)\n\tat java.base/java.util.concurrent.Executors$RunnableAdapter.call(Executors.java:572)\n\tat java.base/java.util.concurrent.FutureTask.run(FutureTask.java:317)\n\tat org.testng.internal.thread.graph.TestNGFutureTask.run(TestNGFutureTask.java:22)\n\tat java.base/java.util.concurrent.ThreadPoolExecutor.runWorker(ThreadPoolExecutor.java:1144)\n\tat java.base/java.util.concurrent.ThreadPoolExecutor$Worker.run(ThreadPoolExecutor.java:642)\n\tat java.base/java.lang.Thread.run(Thread.java:1570)\n","flaky":false,"newFailed":true,"newBroken":false,"newPassed":false,"retriesCount":2,"retriesStatusChange":true,"beforeStages":[{"name":"Open browser","time":{"start":1737573608019,"stop":1737573608266,"duration":247},"description":"Open browser","status":"passed","steps":[],"attachments":[],"parameters":[],"shouldDisplayMessage":false,"stepsCount":0,"attachmentsCount":0,"hasContent":false,"attachmentStep":false}],"testStage":{"description":"Check that test case is deleted","status":"failed","statusMessage":"Test case is NOT deleted expected [false] but found [true]","statusTrace":"java.lang.AssertionError: Test case is NOT deleted expected [false] but found [true]\n\tat org.testng.Assert.fail(Assert.java:111)\n\tat org.testng.Assert.failNotEquals(Assert.java:1578)\n\tat org.testng.Assert.assertFalse(Assert.java:79)\n\tat tests.ui.TestCaseTest.checkDeleteTestCaseFromList(TestCaseTest.java:81)\n\tat java.base/jdk.internal.reflect.DirectMethodHandleAccessor.invoke(DirectMethodHandleAccessor.java:103)\n\tat java.base/java.lang.reflect.Method.invoke(Method.java:580)\n\tat org.testng.internal.invokers.MethodInvocationHelper.invokeMethod(MethodInvocationHelper.java:141)\n\tat org.testng.internal.invokers.TestInvoker.invokeMethod(TestInvoker.java:686)\n\tat org.testng.internal.invokers.TestInvoker.retryFailed(TestInvoker.java:269)\n\tat org.testng.internal.invokers.MethodRunner.runInSequence(MethodRunner.java:76)\n\tat org.testng.internal.invokers.TestInvoker$MethodInvocationAgent.invoke(TestInvoker.java:992)\n\tat org.testng.internal.invokers.TestInvoker.invokeTestMethods(TestInvoker.java:203)\n\tat org.testng.internal.invokers.TestMethodWorker.invokeTestMethods(TestMethodWorker.java:154)\n\tat org.testng.internal.invokers.TestMethodWorker.run(TestMethodWorker.java:134)\n\tat java.base/java.util.concurrent.Executors$RunnableAdapter.call(Executors.java:572)\n\tat java.base/java.util.concurrent.FutureTask.run(FutureTask.java:317)\n\tat org.testng.internal.thread.graph.TestNGFutureTask.run(TestNGFutureTask.java:22)\n\tat java.base/java.util.concurrent.ThreadPoolExecutor.runWorker(ThreadPoolExecutor.java:1144)\n\tat java.base/java.util.concurrent.ThreadPoolExecutor$Worker.run(ThreadPoolExecutor.java:642)\n\tat java.base/java.lang.Thread.run(Thread.java:1570)\n","steps":[{"name":"Open Login page","time":{"start":1737573608676,"stop":1737573609303,"duration":627},"status":"passed","steps":[],"attachments":[],"parameters":[],"shouldDisplayMessage":false,"stepsCount":0,"attachmentsCount":0,"hasContent":false,"attachmentStep":false},{"name":"Login into app - email:anastasiaroubo@gmail.com password:Testrail2025!","time":{"start":1737573609303,"stop":1737573609938,"duration":635},"status":"passed","steps":[],"attachments":[],"parameters":[{"name":"email","value":"anastasiaroubo@gmail.com"},{"name":"password","value":"Testrail2025!"}],"shouldDisplayMessage":false,"stepsCount":0,"attachmentsCount":0,"hasContent":true,"attachmentStep":false},{"name":"Open project Test from Dashboard page","time":{"start":1737573609938,"stop":1737573610575,"duration":637},"status":"passed","steps":[],"attachments":[],"parameters":[{"name":"projectName","value":"Test"}],"shouldDisplayMessage":false,"stepsCount":0,"attachmentsCount":0,"hasContent":true,"attachmentStep":false},{"name":"Open Test Cases tab","time":{"start":1737573610575,"stop":1737573610991,"duration":416},"status":"passed","steps":[],"attachments":[],"parameters":[{"name":"tabName","value":"Test Cases"},{"name":"pageClass","value":"class pages.TestCasesListPage"}],"shouldDisplayMessage":false,"stepsCount":0,"attachmentsCount":0,"hasContent":true,"attachmentStep":false},{"name":"Click on DELETE button next to This is a test case 35","time":{"start":1737573610991,"stop":1737573611315,"duration":324},"status":"passed","steps":[],"attachments":[],"parameters":[{"name":"testCaseTitle","value":"This is a test case 35"}],"shouldDisplayMessage":false,"stepsCount":0,"attachmentsCount":0,"hasContent":true,"attachmentStep":false},{"name":"Check that Confirmation Delete Test CaseModal is opened","time":{"start":1737573611315,"stop":1737573611336,"duration":21},"status":"passed","steps":[],"attachments":[],"parameters":[],"shouldDisplayMessage":false,"stepsCount":0,"attachmentsCount":0,"hasContent":false,"attachmentStep":false},{"name":"Click on button Delete Permanently","time":{"start":1737573611336,"stop":1737573611399,"duration":63},"status":"passed","steps":[],"attachments":[],"parameters":[{"name":"buttonName","value":"Delete Permanently"},{"name":"pageClass","value":"class pages.DeletePermanentlyModal"}],"shouldDisplayMessage":false,"stepsCount":0,"attachmentsCount":0,"hasContent":true,"attachmentStep":false},{"name":"Delete Permanently Modal is opened","time":{"start":1737573611399,"stop":1737573611420,"duration":21},"status":"passed","steps":[],"attachments":[],"parameters":[],"shouldDisplayMessage":false,"stepsCount":0,"attachmentsCount":0,"hasContent":false,"attachmentStep":false},{"name":"Click on DELETE PERMANENTLY button","time":{"start":1737573611420,"stop":1737573611475,"duration":55},"status":"passed","steps":[],"attachments":[],"parameters":[],"shouldDisplayMessage":false,"stepsCount":0,"attachmentsCount":0,"hasContent":false,"attachmentStep":false},{"name":"Check that Test Case tab is opened","time":{"start":1737573611475,"stop":1737573611492,"duration":17},"status":"passed","steps":[],"attachments":[],"parameters":[],"shouldDisplayMessage":false,"stepsCount":0,"attachmentsCount":0,"hasContent":false,"attachmentStep":false},{"name":"Check whether test case with title 'This is a test case 35' was deleted","time":{"start":1737573611492,"stop":1737573612056,"duration":564},"status":"passed","steps":[],"attachments":[],"parameters":[{"name":"testCaseTitle","value":"This is a test case 35"}],"shouldDisplayMessage":false,"stepsCount":0,"attachmentsCount":0,"hasContent":true,"attachmentStep":false}],"attachments":[{"uid":"4725a98d64231c90","name":"Request","source":"4725a98d64231c90.html","type":"text/html","size":1478},{"uid":"d1f564ff869c27f1","name":"HTTP/1.1 200 OK","source":"d1f564ff869c27f1.html","type":"text/html","size":2486}],"parameters":[],"shouldDisplayMessage":true,"stepsCount":11,"attachmentsCount":2,"hasContent":true,"attachmentStep":false},"afterStages":[{"name":"Close browser","time":{"start":1737573612059,"stop":1737573612242,"duration":183},"description":"Close browser","status":"passed","steps":[],"attachments":[{"uid":"a97a5769eae6db64","name":"screenshot","source":"a97a5769eae6db64.png","type":"image/png","size":136059}],"parameters":[],"shouldDisplayMessage":false,"stepsCount":0,"attachmentsCount":1,"hasContent":true,"attachmentStep":false}],"labels":[{"name":"package","value":"tests.ui.TestCaseTest"},{"name":"testClass","value":"tests.ui.TestCaseTest"},{"name":"testMethod","value":"checkDeleteTestCaseFromList"},{"name":"parentSuite","value":"TestRail RegressionTest"},{"name":"suite","value":"Thread#2"},{"name":"subSuite","value":"tests.ui.TestCaseTest"},{"name":"host","value":"fv-az1950-914"},{"name":"thread","value":"2391@fv-az1950-914.TestNG-test-Thread#2-1(126)"},{"name":"framework","value":"testng"},{"name":"language","value":"java"},{"name":"resultFormat","value":"allure2"}],"parameters":[],"links":[],"hidden":false,"retry":false,"extra":{"severity":"normal","retries":[{"uid":"6055100f75e8d382","status":"skipped","statusDetails":"Expected condition failed: waiting for invisibility of [[ChromeDriver: chrome on linux (ec75c9e38961ba9c48fbc887cfdf4031)] -> xpath: //tr[contains(@class, 'caseRow')]//td//span[text() = 'This is a test case 35']] (tried for 30 second(s) with 500 milliseconds interval)\nBuild info: version: '4.27.0', revision: 'd6e718d134'\nSystem info: os.name: 'Linux', os.arch: 'amd64', os.version: '6.8.0-1017-azure', java.version: '22.0.2'\nDriver info: org.openqa.selenium.chrome.ChromeDriver\nCapabilities {acceptInsecureCerts: false, browserName: chrome, browserVersion: 131.0.6778.204, chrome: {chromedriverVersion: 131.0.6778.204 (52183f9e99a..., userDataDir: /tmp/.org.chromium.Chromium...}, fedcm:accounts: true, goog:chromeOptions: {debuggerAddress: localhost:44943}, networkConnectionEnabled: false, pageLoadStrategy: normal, platformName: linux, proxy: Proxy(), se:cdp: ws://localhost:44943/devtoo..., se:cdpVersion: 131.0.6778.204, setWindowRect: true, strictFileInteractability: false, timeouts: {implicit: 0, pageLoad: 300000, script: 30000}, unhandledPromptBehavior: dismiss and notify, webauthn:extension:credBlob: true, webauthn:extension:largeBlob: true, webauthn:extension:minPinLength: true, webauthn:extension:prf: true, webauthn:virtualAuthenticators: true}\nSession ID: ec75c9e38961ba9c48fbc887cfdf4031","time":{"start":1737573573987,"stop":1737573607931,"duration":33944}},{"uid":"53af766a8e11ae24","status":"skipped","statusDetails":"Test case is NOT deleted expected [false] but found [true]","time":{"start":1737573569995,"stop":1737573573630,"duration":3635}}],"categories":[{"name":"Product defects","matchedStatuses":[],"flaky":false}],"history":{"statistic":{"failed":1,"broken":0,"skipped":0,"passed":2,"unknown":0,"total":3},"items":[{"uid":"b3cb5f1fd563c7d9","reportUrl":"https://Anastasia-Ivanovaa.github.io/TestRail/18//#testresult/b3cb5f1fd563c7d9","status":"passed","time":{"start":1737405540507,"stop":1737405546089,"duration":5582}},{"uid":"1cf9f19cb08dea01","reportUrl":"https://Anastasia-Ivanovaa.github.io/TestRail/17//#testresult/1cf9f19cb08dea01","status":"passed","time":{"start":1737405481824,"stop":1737405485300,"duration":3476}}]},"tags":[]},"source":"4730cbfdb6d7fc82.json","parameterValues":[]}