{"uid":"bb5eb08e3eea162e","name":"Check that deleted test case is displayed","fullName":"tests.ui.TestCaseTest.checkDisplayDeletedTestCase","historyId":"c44be80003ceff1d748ac91a7491179a","time":{"start":1737316813519,"stop":1737316848065,"duration":34546},"description":"Check that deleted test case is displayed in the list after making Display Deleted Test Cases on","descriptionHtml":"<p>Check that deleted test case is displayed in the list after making Display Deleted Test Cases on</p>\n","status":"broken","statusMessage":"Expected condition failed: waiting for visibility of element located by By.id: ui-dialog-title-casesDeletionDialog (tried for 30 second(s) with 500 milliseconds interval)\nBuild info: version: '4.27.0', revision: 'd6e718d134'\nSystem info: os.name: 'Linux', os.arch: 'amd64', os.version: '6.8.0-1017-azure', java.version: '22.0.2'\nDriver info: org.openqa.selenium.firefox.FirefoxDriver\nCapabilities {acceptInsecureCerts: true, browserName: firefox, browserVersion: 133.0.3, moz:accessibilityChecks: false, moz:buildID: 20241209150345, moz:debuggerAddress: 127.0.0.1:21641, moz:geckodriverVersion: 0.35.0, moz:headless: true, moz:platformVersion: 6.8.0-1017-azure, moz:processID: 8941, moz:profile: /tmp/rust_mozprofilesVlpAS, moz:shutdownTimeout: 60000, moz:webdriverClick: true, moz:windowless: false, pageLoadStrategy: normal, platformName: linux, proxy: Proxy(), se:cdp: ws://127.0.0.1:21641/devtoo..., se:cdpVersion: 85.0, setWindowRect: true, strictFileInteractability: false, timeouts: {implicit: 0, pageLoad: 300000, script: 30000}, unhandledPromptBehavior: dismiss and notify, userAgent: Mozilla/5.0 (X11; Ubuntu; L...}\nSession ID: 3e8a1905-1fd2-4051-9128-8cb44d446aec","statusTrace":"org.openqa.selenium.TimeoutException: Expected condition failed: waiting for visibility of element located by By.id: ui-dialog-title-casesDeletionDialog (tried for 30 second(s) with 500 milliseconds interval)\nBuild info: version: '4.27.0', revision: 'd6e718d134'\nSystem info: os.name: 'Linux', os.arch: 'amd64', os.version: '6.8.0-1017-azure', java.version: '22.0.2'\nDriver info: org.openqa.selenium.firefox.FirefoxDriver\nCapabilities {acceptInsecureCerts: true, browserName: firefox, browserVersion: 133.0.3, moz:accessibilityChecks: false, moz:buildID: 20241209150345, moz:debuggerAddress: 127.0.0.1:21641, moz:geckodriverVersion: 0.35.0, moz:headless: true, moz:platformVersion: 6.8.0-1017-azure, moz:processID: 8941, moz:profile: /tmp/rust_mozprofilesVlpAS, moz:shutdownTimeout: 60000, moz:webdriverClick: true, moz:windowless: false, pageLoadStrategy: normal, platformName: linux, proxy: Proxy(), se:cdp: ws://127.0.0.1:21641/devtoo..., se:cdpVersion: 85.0, setWindowRect: true, strictFileInteractability: false, timeouts: {implicit: 0, pageLoad: 300000, script: 30000}, unhandledPromptBehavior: dismiss and notify, userAgent: Mozilla/5.0 (X11; Ubuntu; L...}\nSession ID: 3e8a1905-1fd2-4051-9128-8cb44d446aec\n\tat org.openqa.selenium.support.ui.WebDriverWait.timeoutException(WebDriverWait.java:84)\n\tat org.openqa.selenium.support.ui.FluentWait.until(FluentWait.java:228)\n\tat pages.ConfirmationDeleteTestCaseModal.isOpened(ConfirmationDeleteTestCaseModal.java:24)\n\tat tests.ui.TestCaseTest.checkDisplayDeletedTestCase(TestCaseTest.java:93)\n\tat java.base/jdk.internal.reflect.DirectMethodHandleAccessor.invoke(DirectMethodHandleAccessor.java:103)\n\tat java.base/java.lang.reflect.Method.invoke(Method.java:580)\n\tat org.testng.internal.invokers.MethodInvocationHelper.invokeMethod(MethodInvocationHelper.java:141)\n\tat org.testng.internal.invokers.TestInvoker.invokeMethod(TestInvoker.java:686)\n\tat org.testng.internal.invokers.TestInvoker.retryFailed(TestInvoker.java:269)\n\tat org.testng.internal.invokers.MethodRunner.runInSequence(MethodRunner.java:76)\n\tat org.testng.internal.invokers.TestInvoker$MethodInvocationAgent.invoke(TestInvoker.java:992)\n\tat org.testng.internal.invokers.TestInvoker.invokeTestMethods(TestInvoker.java:203)\n\tat org.testng.internal.invokers.TestMethodWorker.invokeTestMethods(TestMethodWorker.java:154)\n\tat org.testng.internal.invokers.TestMethodWorker.run(TestMethodWorker.java:134)\n\tat java.base/java.util.ArrayList.forEach(ArrayList.java:1597)\n\tat org.testng.TestRunner.privateRun(TestRunner.java:739)\n\tat org.testng.TestRunner.run(TestRunner.java:614)\n\tat org.testng.SuiteRunner.runTest(SuiteRunner.java:421)\n\tat org.testng.SuiteRunner$SuiteWorker.run(SuiteRunner.java:463)\n\tat org.testng.internal.thread.ThreadUtil.lambda$execute$0(ThreadUtil.java:64)\n\tat java.base/java.util.concurrent.FutureTask.run(FutureTask.java:317)\n\tat java.base/java.util.concurrent.ThreadPoolExecutor.runWorker(ThreadPoolExecutor.java:1144)\n\tat java.base/java.util.concurrent.ThreadPoolExecutor$Worker.run(ThreadPoolExecutor.java:642)\n\tat java.base/java.lang.Thread.run(Thread.java:1570)\n","flaky":false,"newFailed":false,"newBroken":false,"newPassed":false,"retriesCount":2,"retriesStatusChange":true,"beforeStages":[{"name":"Open browser","time":{"start":1737316811947,"stop":1737316813517,"duration":1570},"description":"Open browser","status":"passed","steps":[],"attachments":[],"parameters":[],"shouldDisplayMessage":false,"stepsCount":0,"attachmentsCount":0,"hasContent":false,"attachmentStep":false}],"testStage":{"description":"Check that deleted test case is displayed in the list after making Display Deleted Test Cases on","status":"broken","statusMessage":"Expected condition failed: waiting for visibility of element located by By.id: ui-dialog-title-casesDeletionDialog (tried for 30 second(s) with 500 milliseconds interval)\nBuild info: version: '4.27.0', revision: 'd6e718d134'\nSystem info: os.name: 'Linux', os.arch: 'amd64', os.version: '6.8.0-1017-azure', java.version: '22.0.2'\nDriver info: org.openqa.selenium.firefox.FirefoxDriver\nCapabilities {acceptInsecureCerts: true, browserName: firefox, browserVersion: 133.0.3, moz:accessibilityChecks: false, moz:buildID: 20241209150345, moz:debuggerAddress: 127.0.0.1:21641, moz:geckodriverVersion: 0.35.0, moz:headless: true, moz:platformVersion: 6.8.0-1017-azure, moz:processID: 8941, moz:profile: /tmp/rust_mozprofilesVlpAS, moz:shutdownTimeout: 60000, moz:webdriverClick: true, moz:windowless: false, pageLoadStrategy: normal, platformName: linux, proxy: Proxy(), se:cdp: ws://127.0.0.1:21641/devtoo..., se:cdpVersion: 85.0, setWindowRect: true, strictFileInteractability: false, timeouts: {implicit: 0, pageLoad: 300000, script: 30000}, unhandledPromptBehavior: dismiss and notify, userAgent: Mozilla/5.0 (X11; Ubuntu; L...}\nSession ID: 3e8a1905-1fd2-4051-9128-8cb44d446aec","statusTrace":"org.openqa.selenium.TimeoutException: Expected condition failed: waiting for visibility of element located by By.id: ui-dialog-title-casesDeletionDialog (tried for 30 second(s) with 500 milliseconds interval)\nBuild info: version: '4.27.0', revision: 'd6e718d134'\nSystem info: os.name: 'Linux', os.arch: 'amd64', os.version: '6.8.0-1017-azure', java.version: '22.0.2'\nDriver info: org.openqa.selenium.firefox.FirefoxDriver\nCapabilities {acceptInsecureCerts: true, browserName: firefox, browserVersion: 133.0.3, moz:accessibilityChecks: false, moz:buildID: 20241209150345, moz:debuggerAddress: 127.0.0.1:21641, moz:geckodriverVersion: 0.35.0, moz:headless: true, moz:platformVersion: 6.8.0-1017-azure, moz:processID: 8941, moz:profile: /tmp/rust_mozprofilesVlpAS, moz:shutdownTimeout: 60000, moz:webdriverClick: true, moz:windowless: false, pageLoadStrategy: normal, platformName: linux, proxy: Proxy(), se:cdp: ws://127.0.0.1:21641/devtoo..., se:cdpVersion: 85.0, setWindowRect: true, strictFileInteractability: false, timeouts: {implicit: 0, pageLoad: 300000, script: 30000}, unhandledPromptBehavior: dismiss and notify, userAgent: Mozilla/5.0 (X11; Ubuntu; L...}\nSession ID: 3e8a1905-1fd2-4051-9128-8cb44d446aec\n\tat org.openqa.selenium.support.ui.WebDriverWait.timeoutException(WebDriverWait.java:84)\n\tat org.openqa.selenium.support.ui.FluentWait.until(FluentWait.java:228)\n\tat pages.ConfirmationDeleteTestCaseModal.isOpened(ConfirmationDeleteTestCaseModal.java:24)\n\tat tests.ui.TestCaseTest.checkDisplayDeletedTestCase(TestCaseTest.java:93)\n\tat java.base/jdk.internal.reflect.DirectMethodHandleAccessor.invoke(DirectMethodHandleAccessor.java:103)\n\tat java.base/java.lang.reflect.Method.invoke(Method.java:580)\n\tat org.testng.internal.invokers.MethodInvocationHelper.invokeMethod(MethodInvocationHelper.java:141)\n\tat org.testng.internal.invokers.TestInvoker.invokeMethod(TestInvoker.java:686)\n\tat org.testng.internal.invokers.TestInvoker.retryFailed(TestInvoker.java:269)\n\tat org.testng.internal.invokers.MethodRunner.runInSequence(MethodRunner.java:76)\n\tat org.testng.internal.invokers.TestInvoker$MethodInvocationAgent.invoke(TestInvoker.java:992)\n\tat org.testng.internal.invokers.TestInvoker.invokeTestMethods(TestInvoker.java:203)\n\tat org.testng.internal.invokers.TestMethodWorker.invokeTestMethods(TestMethodWorker.java:154)\n\tat org.testng.internal.invokers.TestMethodWorker.run(TestMethodWorker.java:134)\n\tat java.base/java.util.ArrayList.forEach(ArrayList.java:1597)\n\tat org.testng.TestRunner.privateRun(TestRunner.java:739)\n\tat org.testng.TestRunner.run(TestRunner.java:614)\n\tat org.testng.SuiteRunner.runTest(SuiteRunner.java:421)\n\tat org.testng.SuiteRunner$SuiteWorker.run(SuiteRunner.java:463)\n\tat org.testng.internal.thread.ThreadUtil.lambda$execute$0(ThreadUtil.java:64)\n\tat java.base/java.util.concurrent.FutureTask.run(FutureTask.java:317)\n\tat java.base/java.util.concurrent.ThreadPoolExecutor.runWorker(ThreadPoolExecutor.java:1144)\n\tat java.base/java.util.concurrent.ThreadPoolExecutor$Worker.run(ThreadPoolExecutor.java:642)\n\tat java.base/java.lang.Thread.run(Thread.java:1570)\n","steps":[{"name":"Open Login page","time":{"start":1737316813874,"stop":1737316814616,"duration":742},"status":"passed","steps":[],"attachments":[],"parameters":[],"shouldDisplayMessage":false,"stepsCount":0,"attachmentsCount":0,"hasContent":false,"attachmentStep":false},{"name":"Login into app - email:anastasiaroubo@gmail.com password:Testrail2025!","time":{"start":1737316814616,"stop":1737316815875,"duration":1259},"status":"passed","steps":[],"attachments":[],"parameters":[{"name":"email","value":"anastasiaroubo@gmail.com"},{"name":"password","value":"Testrail2025!"}],"shouldDisplayMessage":false,"stepsCount":0,"attachmentsCount":0,"hasContent":true,"attachmentStep":false},{"name":"Open project Test from Dashboard page","time":{"start":1737316815875,"stop":1737316816457,"duration":582},"status":"passed","steps":[],"attachments":[],"parameters":[{"name":"projectName","value":"Test"}],"shouldDisplayMessage":false,"stepsCount":0,"attachmentsCount":0,"hasContent":true,"attachmentStep":false},{"name":"Open Test Cases tab","time":{"start":1737316816457,"stop":1737316817126,"duration":669},"status":"passed","steps":[],"attachments":[],"parameters":[{"name":"tabName","value":"Test Cases"},{"name":"pageClass","value":"class pages.TestCasesListPage"}],"shouldDisplayMessage":false,"stepsCount":0,"attachmentsCount":0,"hasContent":true,"attachmentStep":false},{"name":"Click on DELETE button next to This is a test case 35","time":{"start":1737316817126,"stop":1737316817895,"duration":769},"status":"passed","steps":[],"attachments":[],"parameters":[{"name":"testCaseTitle","value":"This is a test case 35"}],"shouldDisplayMessage":false,"stepsCount":0,"attachmentsCount":0,"hasContent":true,"attachmentStep":false},{"name":"Check that Confirmation Delete Test CaseModal is opened","time":{"start":1737316817895,"stop":1737316848065,"duration":30170},"status":"broken","statusMessage":"Expected condition failed: waiting for visibility of element located by By.id: ui-dialog-title-casesDeletionDialog (tried for 30 second(s) with 500 milliseconds interval)\nBuild info: version: '4.27.0', revision: 'd6e718d134'\nSystem info: os.name: 'Linux', os.arch: 'amd64', os.version: '6.8.0-1017-azure', java.version: '22.0.2'\nDriver info: org.openqa.selenium.firefox.FirefoxDriver\nCapabilities {acceptInsecureCerts: true, browserName: firefox, browserVersion: 133.0.3, moz:accessibilityChecks: false, moz:buildID: 20241209150345, moz:debuggerAddress: 127.0.0.1:21641, moz:geckodriverVersion: 0.35.0, moz:headless: true, moz:platformVersion: 6.8.0-1017-azure, moz:processID: 8941, moz:profile: /tmp/rust_mozprofilesVlpAS, moz:shutdownTimeout: 60000, moz:webdriverClick: true, moz:windowless: false, pageLoadStrategy: normal, platformName: linux, proxy: Proxy(), se:cdp: ws://127.0.0.1:21641/devtoo..., se:cdpVersion: 85.0, setWindowRect: true, strictFileInteractability: false, timeouts: {implicit: 0, pageLoad: 300000, script: 30000}, unhandledPromptBehavior: dismiss and notify, userAgent: Mozilla/5.0 (X11; Ubuntu; L...}\nSession ID: 3e8a1905-1fd2-4051-9128-8cb44d446aec","statusTrace":"org.openqa.selenium.TimeoutException: Expected condition failed: waiting for visibility of element located by By.id: ui-dialog-title-casesDeletionDialog (tried for 30 second(s) with 500 milliseconds interval)\nBuild info: version: '4.27.0', revision: 'd6e718d134'\nSystem info: os.name: 'Linux', os.arch: 'amd64', os.version: '6.8.0-1017-azure', java.version: '22.0.2'\nDriver info: org.openqa.selenium.firefox.FirefoxDriver\nCapabilities {acceptInsecureCerts: true, browserName: firefox, browserVersion: 133.0.3, moz:accessibilityChecks: false, moz:buildID: 20241209150345, moz:debuggerAddress: 127.0.0.1:21641, moz:geckodriverVersion: 0.35.0, moz:headless: true, moz:platformVersion: 6.8.0-1017-azure, moz:processID: 8941, moz:profile: /tmp/rust_mozprofilesVlpAS, moz:shutdownTimeout: 60000, moz:webdriverClick: true, moz:windowless: false, pageLoadStrategy: normal, platformName: linux, proxy: Proxy(), se:cdp: ws://127.0.0.1:21641/devtoo..., se:cdpVersion: 85.0, setWindowRect: true, strictFileInteractability: false, timeouts: {implicit: 0, pageLoad: 300000, script: 30000}, unhandledPromptBehavior: dismiss and notify, userAgent: Mozilla/5.0 (X11; Ubuntu; L...}\nSession ID: 3e8a1905-1fd2-4051-9128-8cb44d446aec\n\tat org.openqa.selenium.support.ui.WebDriverWait.timeoutException(WebDriverWait.java:84)\n\tat org.openqa.selenium.support.ui.FluentWait.until(FluentWait.java:228)\n\tat pages.ConfirmationDeleteTestCaseModal.isOpened(ConfirmationDeleteTestCaseModal.java:24)\n\tat tests.ui.TestCaseTest.checkDisplayDeletedTestCase(TestCaseTest.java:93)\n\tat java.base/jdk.internal.reflect.DirectMethodHandleAccessor.invoke(DirectMethodHandleAccessor.java:103)\n\tat java.base/java.lang.reflect.Method.invoke(Method.java:580)\n\tat org.testng.internal.invokers.MethodInvocationHelper.invokeMethod(MethodInvocationHelper.java:141)\n\tat org.testng.internal.invokers.TestInvoker.invokeMethod(TestInvoker.java:686)\n\tat org.testng.internal.invokers.TestInvoker.retryFailed(TestInvoker.java:269)\n\tat org.testng.internal.invokers.MethodRunner.runInSequence(MethodRunner.java:76)\n\tat org.testng.internal.invokers.TestInvoker$MethodInvocationAgent.invoke(TestInvoker.java:992)\n\tat org.testng.internal.invokers.TestInvoker.invokeTestMethods(TestInvoker.java:203)\n\tat org.testng.internal.invokers.TestMethodWorker.invokeTestMethods(TestMethodWorker.java:154)\n\tat org.testng.internal.invokers.TestMethodWorker.run(TestMethodWorker.java:134)\n\tat java.base/java.util.ArrayList.forEach(ArrayList.java:1597)\n\tat org.testng.TestRunner.privateRun(TestRunner.java:739)\n\tat org.testng.TestRunner.run(TestRunner.java:614)\n\tat org.testng.SuiteRunner.runTest(SuiteRunner.java:421)\n\tat org.testng.SuiteRunner$SuiteWorker.run(SuiteRunner.java:463)\n\tat org.testng.internal.thread.ThreadUtil.lambda$execute$0(ThreadUtil.java:64)\n\tat java.base/java.util.concurrent.FutureTask.run(FutureTask.java:317)\n\tat java.base/java.util.concurrent.ThreadPoolExecutor.runWorker(ThreadPoolExecutor.java:1144)\n\tat java.base/java.util.concurrent.ThreadPoolExecutor$Worker.run(ThreadPoolExecutor.java:642)\n\tat java.base/java.lang.Thread.run(Thread.java:1570)\n","steps":[],"attachments":[],"parameters":[],"shouldDisplayMessage":true,"stepsCount":0,"attachmentsCount":0,"hasContent":true,"attachmentStep":false}],"attachments":[],"parameters":[],"shouldDisplayMessage":false,"stepsCount":6,"attachmentsCount":0,"hasContent":true,"attachmentStep":false},"afterStages":[{"name":"Close browser","time":{"start":1737316848066,"stop":1737316848749,"duration":683},"description":"Close browser","status":"passed","steps":[],"attachments":[{"uid":"ddf021a0a87f90d","name":"screenshot","source":"ddf021a0a87f90d.png","type":"image/png","size":174383}],"parameters":[],"shouldDisplayMessage":false,"stepsCount":0,"attachmentsCount":1,"hasContent":true,"attachmentStep":false}],"labels":[{"name":"package","value":"tests.ui.TestCaseTest"},{"name":"testClass","value":"tests.ui.TestCaseTest"},{"name":"testMethod","value":"checkDisplayDeletedTestCase"},{"name":"parentSuite","value":"TestRail CrossBrowserTest"},{"name":"suite","value":"FireFox"},{"name":"subSuite","value":"tests.ui.TestCaseTest"},{"name":"host","value":"fv-az1267-247"},{"name":"thread","value":"2417@fv-az1267-247.TestNG-tests-3(32)"},{"name":"framework","value":"testng"},{"name":"language","value":"java"},{"name":"resultFormat","value":"allure2"}],"parameters":[{"name":"browser","value":"firefox"}],"links":[],"hidden":false,"retry":false,"extra":{"severity":"normal","retries":[{"uid":"a75e5989a519aa6b","status":"skipped","statusDetails":"Expected condition failed: waiting for visibility of element located by By.id: ui-dialog-title-casesDeletionDialog (tried for 30 second(s) with 500 milliseconds interval)\nBuild info: version: '4.27.0', revision: 'd6e718d134'\nSystem info: os.name: 'Linux', os.arch: 'amd64', os.version: '6.8.0-1017-azure', java.version: '22.0.2'\nDriver info: org.openqa.selenium.firefox.FirefoxDriver\nCapabilities {acceptInsecureCerts: true, browserName: firefox, browserVersion: 133.0.3, moz:accessibilityChecks: false, moz:buildID: 20241209150345, moz:debuggerAddress: 127.0.0.1:4689, moz:geckodriverVersion: 0.35.0, moz:headless: true, moz:platformVersion: 6.8.0-1017-azure, moz:processID: 8610, moz:profile: /tmp/rust_mozprofile8CNUZs, moz:shutdownTimeout: 60000, moz:webdriverClick: true, moz:windowless: false, pageLoadStrategy: normal, platformName: linux, proxy: Proxy(), se:cdp: ws://127.0.0.1:4689/devtool..., se:cdpVersion: 85.0, setWindowRect: true, strictFileInteractability: false, timeouts: {implicit: 0, pageLoad: 300000, script: 30000}, unhandledPromptBehavior: dismiss and notify, userAgent: Mozilla/5.0 (X11; Ubuntu; L...}\nSession ID: 3241998a-1ae6-43a0-aaa5-633b5b5610b8","time":{"start":1737316777299,"stop":1737316811285,"duration":33986}},{"uid":"fdd99b637802c4e8","status":"skipped","statusDetails":"Expected condition failed: waiting for visibility of element located by By.id: ui-dialog-title-casesDeletionDialog (tried for 30 second(s) with 500 milliseconds interval)\nBuild info: version: '4.27.0', revision: 'd6e718d134'\nSystem info: os.name: 'Linux', os.arch: 'amd64', os.version: '6.8.0-1017-azure', java.version: '22.0.2'\nDriver info: org.openqa.selenium.firefox.FirefoxDriver\nCapabilities {acceptInsecureCerts: true, browserName: firefox, browserVersion: 133.0.3, moz:accessibilityChecks: false, moz:buildID: 20241209150345, moz:debuggerAddress: 127.0.0.1:3443, moz:geckodriverVersion: 0.35.0, moz:headless: true, moz:platformVersion: 6.8.0-1017-azure, moz:processID: 8270, moz:profile: /tmp/rust_mozprofilevv4Nr5, moz:shutdownTimeout: 60000, moz:webdriverClick: true, moz:windowless: false, pageLoadStrategy: normal, platformName: linux, proxy: Proxy(), se:cdp: ws://127.0.0.1:3443/devtool..., se:cdpVersion: 85.0, setWindowRect: true, strictFileInteractability: false, timeouts: {implicit: 0, pageLoad: 300000, script: 30000}, unhandledPromptBehavior: dismiss and notify, userAgent: Mozilla/5.0 (X11; Ubuntu; L...}\nSession ID: 57f69313-f6db-40dc-a2fa-6e83587e4fb5","time":{"start":1737316741023,"stop":1737316775075,"duration":34052}}],"categories":[{"name":"Test defects","matchedStatuses":[],"flaky":false}],"tags":[]},"source":"bb5eb08e3eea162e.json","parameterValues":["firefox"]}