{"uid":"1c71611f5ca3f394","name":"Check that the project can be deleted","fullName":"tests.ProjectTest.checkDeleteProject","historyId":"b86f442f4937735501fbe3fc63026b3e","time":{"start":1737226456574,"stop":1737226461926,"duration":5352},"description":"Check that project is deleted","descriptionHtml":"<p>Check that project is deleted</p>\n","status":"broken","statusMessage":"element click intercepted: Element <div class=\"checkbox\" data-testid=\"caseFieldsTabDeleteDialogCheckbox\">...</div> is not clickable at point (378, 282). Other element would receive the click: <span id=\"pendo-text-610d0fdf\" class=\"bb-text _pendo-simple-text\" data-_pendo-simple-text-10=\"\" style=\"font-size: inherit; text-align: inherit; color: inherit; padding: 0px; margin: 0px; line-height: inherit; font-style: inherit; font-weight: inherit; text-transform: inherit; letter-spacing: inherit; position: initial; display: inline; width: auto; overflow-wrap: break-word; float: none; vertical-align: baseline; white-space: pre-wrap;\">...</span>\n  (Session info: MicrosoftEdge=131.0.2903.112)\nBuild info: version: '4.27.0', revision: 'd6e718d134'\nSystem info: os.name: 'Linux', os.arch: 'amd64', os.version: '6.8.0-1017-azure', java.version: '22.0.2'\nDriver info: org.openqa.selenium.edge.EdgeDriver\nCommand: [bbb2132965ef2294884564722a97a768, clickElement {id=f.3528F5C12B38DD2A90C1F34EC6AE3780.d.CE53450A644D99665E3D6A1BCF4A9EB7.e.197}]\nCapabilities {acceptInsecureCerts: false, browserName: MicrosoftEdge, browserVersion: 131.0.2903.112, fedcm:accounts: true, ms:edgeOptions: {debuggerAddress: localhost:42735}, msedge: {msedgedriverVersion: 131.0.2903.112 (16ab910a6e7..., userDataDir: /tmp/.com.microsoft.Edge.ly...}, networkConnectionEnabled: false, pageLoadStrategy: normal, platformName: linux, proxy: Proxy(), se:cdp: ws://localhost:42735/devtoo..., se:cdpVersion: 131.0.2903.112, setWindowRect: true, strictFileInteractability: false, timeouts: {implicit: 0, pageLoad: 300000, script: 30000}, unhandledPromptBehavior: dismiss and notify, webauthn:extension:credBlob: true, webauthn:extension:largeBlob: true, webauthn:extension:minPinLength: true, webauthn:extension:prf: true, webauthn:virtualAuthenticators: true}\nElement: [[EdgeDriver: MicrosoftEdge on linux (bbb2132965ef2294884564722a97a768)] -> xpath: //label/input[@data-testid='deleteCheckBoxTestId']//ancestor::div[@data-testid='caseFieldsTabDeleteDialogCheckbox']]\nSession ID: bbb2132965ef2294884564722a97a768","statusTrace":"org.openqa.selenium.ElementClickInterceptedException: element click intercepted: Element <div class=\"checkbox\" data-testid=\"caseFieldsTabDeleteDialogCheckbox\">...</div> is not clickable at point (378, 282). Other element would receive the click: <span id=\"pendo-text-610d0fdf\" class=\"bb-text _pendo-simple-text\" data-_pendo-simple-text-10=\"\" style=\"font-size: inherit; text-align: inherit; color: inherit; padding: 0px; margin: 0px; line-height: inherit; font-style: inherit; font-weight: inherit; text-transform: inherit; letter-spacing: inherit; position: initial; display: inline; width: auto; overflow-wrap: break-word; float: none; vertical-align: baseline; white-space: pre-wrap;\">...</span>\n  (Session info: MicrosoftEdge=131.0.2903.112)\nBuild info: version: '4.27.0', revision: 'd6e718d134'\nSystem info: os.name: 'Linux', os.arch: 'amd64', os.version: '6.8.0-1017-azure', java.version: '22.0.2'\nDriver info: org.openqa.selenium.edge.EdgeDriver\nCommand: [bbb2132965ef2294884564722a97a768, clickElement {id=f.3528F5C12B38DD2A90C1F34EC6AE3780.d.CE53450A644D99665E3D6A1BCF4A9EB7.e.197}]\nCapabilities {acceptInsecureCerts: false, browserName: MicrosoftEdge, browserVersion: 131.0.2903.112, fedcm:accounts: true, ms:edgeOptions: {debuggerAddress: localhost:42735}, msedge: {msedgedriverVersion: 131.0.2903.112 (16ab910a6e7..., userDataDir: /tmp/.com.microsoft.Edge.ly...}, networkConnectionEnabled: false, pageLoadStrategy: normal, platformName: linux, proxy: Proxy(), se:cdp: ws://localhost:42735/devtoo..., se:cdpVersion: 131.0.2903.112, setWindowRect: true, strictFileInteractability: false, timeouts: {implicit: 0, pageLoad: 300000, script: 30000}, unhandledPromptBehavior: dismiss and notify, webauthn:extension:credBlob: true, webauthn:extension:largeBlob: true, webauthn:extension:minPinLength: true, webauthn:extension:prf: true, webauthn:virtualAuthenticators: true}\nElement: [[EdgeDriver: MicrosoftEdge on linux (bbb2132965ef2294884564722a97a768)] -> xpath: //label/input[@data-testid='deleteCheckBoxTestId']//ancestor::div[@data-testid='caseFieldsTabDeleteDialogCheckbox']]\nSession ID: bbb2132965ef2294884564722a97a768\n\tat java.base/jdk.internal.reflect.DirectConstructorHandleAccessor.newInstance(DirectConstructorHandleAccessor.java:62)\n\tat java.base/java.lang.reflect.Constructor.newInstanceWithCaller(Constructor.java:502)\n\tat java.base/java.lang.reflect.Constructor.newInstance(Constructor.java:486)\n\tat org.openqa.selenium.remote.ErrorCodec.decode(ErrorCodec.java:167)\n\tat org.openqa.selenium.remote.codec.w3c.W3CHttpResponseCodec.decode(W3CHttpResponseCodec.java:138)\n\tat org.openqa.selenium.remote.codec.w3c.W3CHttpResponseCodec.decode(W3CHttpResponseCodec.java:50)\n\tat org.openqa.selenium.remote.HttpCommandExecutor.execute(HttpCommandExecutor.java:190)\n\tat org.openqa.selenium.remote.service.DriverCommandExecutor.invokeExecute(DriverCommandExecutor.java:216)\n\tat org.openqa.selenium.remote.service.DriverCommandExecutor.execute(DriverCommandExecutor.java:174)\n\tat org.openqa.selenium.remote.RemoteWebDriver.execute(RemoteWebDriver.java:545)\n\tat org.openqa.selenium.remote.RemoteWebElement.execute(RemoteWebElement.java:223)\n\tat org.openqa.selenium.remote.RemoteWebElement.click(RemoteWebElement.java:76)\n\tat pages.ConfirmationDeleteProjectModal.confirmAndDeleteProject(ConfirmationDeleteProjectModal.java:22)\n\tat tests.ProjectTest.checkDeleteProject(ProjectTest.java:38)\n\tat java.base/jdk.internal.reflect.DirectMethodHandleAccessor.invoke(DirectMethodHandleAccessor.java:103)\n\tat java.base/java.lang.reflect.Method.invoke(Method.java:580)\n\tat org.testng.internal.invokers.MethodInvocationHelper.invokeMethod(MethodInvocationHelper.java:141)\n\tat org.testng.internal.invokers.TestInvoker.invokeMethod(TestInvoker.java:686)\n\tat org.testng.internal.invokers.TestInvoker.retryFailed(TestInvoker.java:269)\n\tat org.testng.internal.invokers.MethodRunner.runInSequence(MethodRunner.java:76)\n\tat org.testng.internal.invokers.TestInvoker$MethodInvocationAgent.invoke(TestInvoker.java:992)\n\tat org.testng.internal.invokers.TestInvoker.invokeTestMethods(TestInvoker.java:203)\n\tat org.testng.internal.invokers.TestMethodWorker.invokeTestMethods(TestMethodWorker.java:154)\n\tat org.testng.internal.invokers.TestMethodWorker.run(TestMethodWorker.java:134)\n\tat java.base/java.util.ArrayList.forEach(ArrayList.java:1597)\n\tat org.testng.TestRunner.privateRun(TestRunner.java:739)\n\tat org.testng.TestRunner.run(TestRunner.java:614)\n\tat org.testng.SuiteRunner.runTest(SuiteRunner.java:421)\n\tat org.testng.SuiteRunner$SuiteWorker.run(SuiteRunner.java:463)\n\tat org.testng.internal.thread.ThreadUtil.lambda$execute$0(ThreadUtil.java:64)\n\tat java.base/java.util.concurrent.FutureTask.run(FutureTask.java:317)\n\tat java.base/java.util.concurrent.ThreadPoolExecutor.runWorker(ThreadPoolExecutor.java:1144)\n\tat java.base/java.util.concurrent.ThreadPoolExecutor$Worker.run(ThreadPoolExecutor.java:642)\n\tat java.base/java.lang.Thread.run(Thread.java:1570)\n","flaky":false,"newFailed":false,"newBroken":true,"newPassed":false,"retriesCount":2,"retriesStatusChange":true,"beforeStages":[{"name":"Open browser","time":{"start":1737226455949,"stop":1737226456567,"duration":618},"description":"Open browser","status":"passed","steps":[],"attachments":[],"parameters":[],"shouldDisplayMessage":false,"stepsCount":0,"attachmentsCount":0,"hasContent":false,"attachmentStep":false}],"testStage":{"description":"Check that project is deleted","status":"broken","statusMessage":"element click intercepted: Element <div class=\"checkbox\" data-testid=\"caseFieldsTabDeleteDialogCheckbox\">...</div> is not clickable at point (378, 282). Other element would receive the click: <span id=\"pendo-text-610d0fdf\" class=\"bb-text _pendo-simple-text\" data-_pendo-simple-text-10=\"\" style=\"font-size: inherit; text-align: inherit; color: inherit; padding: 0px; margin: 0px; line-height: inherit; font-style: inherit; font-weight: inherit; text-transform: inherit; letter-spacing: inherit; position: initial; display: inline; width: auto; overflow-wrap: break-word; float: none; vertical-align: baseline; white-space: pre-wrap;\">...</span>\n  (Session info: MicrosoftEdge=131.0.2903.112)\nBuild info: version: '4.27.0', revision: 'd6e718d134'\nSystem info: os.name: 'Linux', os.arch: 'amd64', os.version: '6.8.0-1017-azure', java.version: '22.0.2'\nDriver info: org.openqa.selenium.edge.EdgeDriver\nCommand: [bbb2132965ef2294884564722a97a768, clickElement {id=f.3528F5C12B38DD2A90C1F34EC6AE3780.d.CE53450A644D99665E3D6A1BCF4A9EB7.e.197}]\nCapabilities {acceptInsecureCerts: false, browserName: MicrosoftEdge, browserVersion: 131.0.2903.112, fedcm:accounts: true, ms:edgeOptions: {debuggerAddress: localhost:42735}, msedge: {msedgedriverVersion: 131.0.2903.112 (16ab910a6e7..., userDataDir: /tmp/.com.microsoft.Edge.ly...}, networkConnectionEnabled: false, pageLoadStrategy: normal, platformName: linux, proxy: Proxy(), se:cdp: ws://localhost:42735/devtoo..., se:cdpVersion: 131.0.2903.112, setWindowRect: true, strictFileInteractability: false, timeouts: {implicit: 0, pageLoad: 300000, script: 30000}, unhandledPromptBehavior: dismiss and notify, webauthn:extension:credBlob: true, webauthn:extension:largeBlob: true, webauthn:extension:minPinLength: true, webauthn:extension:prf: true, webauthn:virtualAuthenticators: true}\nElement: [[EdgeDriver: MicrosoftEdge on linux (bbb2132965ef2294884564722a97a768)] -> xpath: //label/input[@data-testid='deleteCheckBoxTestId']//ancestor::div[@data-testid='caseFieldsTabDeleteDialogCheckbox']]\nSession ID: bbb2132965ef2294884564722a97a768","statusTrace":"org.openqa.selenium.ElementClickInterceptedException: element click intercepted: Element <div class=\"checkbox\" data-testid=\"caseFieldsTabDeleteDialogCheckbox\">...</div> is not clickable at point (378, 282). Other element would receive the click: <span id=\"pendo-text-610d0fdf\" class=\"bb-text _pendo-simple-text\" data-_pendo-simple-text-10=\"\" style=\"font-size: inherit; text-align: inherit; color: inherit; padding: 0px; margin: 0px; line-height: inherit; font-style: inherit; font-weight: inherit; text-transform: inherit; letter-spacing: inherit; position: initial; display: inline; width: auto; overflow-wrap: break-word; float: none; vertical-align: baseline; white-space: pre-wrap;\">...</span>\n  (Session info: MicrosoftEdge=131.0.2903.112)\nBuild info: version: '4.27.0', revision: 'd6e718d134'\nSystem info: os.name: 'Linux', os.arch: 'amd64', os.version: '6.8.0-1017-azure', java.version: '22.0.2'\nDriver info: org.openqa.selenium.edge.EdgeDriver\nCommand: [bbb2132965ef2294884564722a97a768, clickElement {id=f.3528F5C12B38DD2A90C1F34EC6AE3780.d.CE53450A644D99665E3D6A1BCF4A9EB7.e.197}]\nCapabilities {acceptInsecureCerts: false, browserName: MicrosoftEdge, browserVersion: 131.0.2903.112, fedcm:accounts: true, ms:edgeOptions: {debuggerAddress: localhost:42735}, msedge: {msedgedriverVersion: 131.0.2903.112 (16ab910a6e7..., userDataDir: /tmp/.com.microsoft.Edge.ly...}, networkConnectionEnabled: false, pageLoadStrategy: normal, platformName: linux, proxy: Proxy(), se:cdp: ws://localhost:42735/devtoo..., se:cdpVersion: 131.0.2903.112, setWindowRect: true, strictFileInteractability: false, timeouts: {implicit: 0, pageLoad: 300000, script: 30000}, unhandledPromptBehavior: dismiss and notify, webauthn:extension:credBlob: true, webauthn:extension:largeBlob: true, webauthn:extension:minPinLength: true, webauthn:extension:prf: true, webauthn:virtualAuthenticators: true}\nElement: [[EdgeDriver: MicrosoftEdge on linux (bbb2132965ef2294884564722a97a768)] -> xpath: //label/input[@data-testid='deleteCheckBoxTestId']//ancestor::div[@data-testid='caseFieldsTabDeleteDialogCheckbox']]\nSession ID: bbb2132965ef2294884564722a97a768\n\tat java.base/jdk.internal.reflect.DirectConstructorHandleAccessor.newInstance(DirectConstructorHandleAccessor.java:62)\n\tat java.base/java.lang.reflect.Constructor.newInstanceWithCaller(Constructor.java:502)\n\tat java.base/java.lang.reflect.Constructor.newInstance(Constructor.java:486)\n\tat org.openqa.selenium.remote.ErrorCodec.decode(ErrorCodec.java:167)\n\tat org.openqa.selenium.remote.codec.w3c.W3CHttpResponseCodec.decode(W3CHttpResponseCodec.java:138)\n\tat org.openqa.selenium.remote.codec.w3c.W3CHttpResponseCodec.decode(W3CHttpResponseCodec.java:50)\n\tat org.openqa.selenium.remote.HttpCommandExecutor.execute(HttpCommandExecutor.java:190)\n\tat org.openqa.selenium.remote.service.DriverCommandExecutor.invokeExecute(DriverCommandExecutor.java:216)\n\tat org.openqa.selenium.remote.service.DriverCommandExecutor.execute(DriverCommandExecutor.java:174)\n\tat org.openqa.selenium.remote.RemoteWebDriver.execute(RemoteWebDriver.java:545)\n\tat org.openqa.selenium.remote.RemoteWebElement.execute(RemoteWebElement.java:223)\n\tat org.openqa.selenium.remote.RemoteWebElement.click(RemoteWebElement.java:76)\n\tat pages.ConfirmationDeleteProjectModal.confirmAndDeleteProject(ConfirmationDeleteProjectModal.java:22)\n\tat tests.ProjectTest.checkDeleteProject(ProjectTest.java:38)\n\tat java.base/jdk.internal.reflect.DirectMethodHandleAccessor.invoke(DirectMethodHandleAccessor.java:103)\n\tat java.base/java.lang.reflect.Method.invoke(Method.java:580)\n\tat org.testng.internal.invokers.MethodInvocationHelper.invokeMethod(MethodInvocationHelper.java:141)\n\tat org.testng.internal.invokers.TestInvoker.invokeMethod(TestInvoker.java:686)\n\tat org.testng.internal.invokers.TestInvoker.retryFailed(TestInvoker.java:269)\n\tat org.testng.internal.invokers.MethodRunner.runInSequence(MethodRunner.java:76)\n\tat org.testng.internal.invokers.TestInvoker$MethodInvocationAgent.invoke(TestInvoker.java:992)\n\tat org.testng.internal.invokers.TestInvoker.invokeTestMethods(TestInvoker.java:203)\n\tat org.testng.internal.invokers.TestMethodWorker.invokeTestMethods(TestMethodWorker.java:154)\n\tat org.testng.internal.invokers.TestMethodWorker.run(TestMethodWorker.java:134)\n\tat java.base/java.util.ArrayList.forEach(ArrayList.java:1597)\n\tat org.testng.TestRunner.privateRun(TestRunner.java:739)\n\tat org.testng.TestRunner.run(TestRunner.java:614)\n\tat org.testng.SuiteRunner.runTest(SuiteRunner.java:421)\n\tat org.testng.SuiteRunner$SuiteWorker.run(SuiteRunner.java:463)\n\tat org.testng.internal.thread.ThreadUtil.lambda$execute$0(ThreadUtil.java:64)\n\tat java.base/java.util.concurrent.FutureTask.run(FutureTask.java:317)\n\tat java.base/java.util.concurrent.ThreadPoolExecutor.runWorker(ThreadPoolExecutor.java:1144)\n\tat java.base/java.util.concurrent.ThreadPoolExecutor$Worker.run(ThreadPoolExecutor.java:642)\n\tat java.base/java.lang.Thread.run(Thread.java:1570)\n","steps":[{"name":"Open Login page","time":{"start":1737226456574,"stop":1737226457735,"duration":1161},"status":"passed","steps":[],"attachments":[],"parameters":[],"shouldDisplayMessage":false,"stepsCount":0,"attachmentsCount":0,"hasContent":false,"attachmentStep":false},{"name":"Login into app - email:anastasiaroubo@gmail.com password:Testrail2025!","time":{"start":1737226457736,"stop":1737226459124,"duration":1388},"status":"passed","steps":[],"attachments":[],"parameters":[{"name":"email","value":"anastasiaroubo@gmail.com"},{"name":"password","value":"Testrail2025!"}],"shouldDisplayMessage":false,"stepsCount":0,"attachmentsCount":0,"hasContent":true,"attachmentStep":false},{"name":"Click on 'Add project' button","time":{"start":1737226459124,"stop":1737226459570,"duration":446},"status":"passed","steps":[],"attachments":[],"parameters":[],"shouldDisplayMessage":false,"stepsCount":0,"attachmentsCount":0,"hasContent":false,"attachmentStep":false},{"name":"Fill the fields for creating a new project 'New project2'","time":{"start":1737226459570,"stop":1737226459865,"duration":295},"status":"passed","steps":[],"attachments":[],"parameters":[{"name":"projectName","value":"New project2"}],"shouldDisplayMessage":false,"stepsCount":0,"attachmentsCount":0,"hasContent":true,"attachmentStep":false},{"name":"Click on ADD PROJECT button","time":{"start":1737226459865,"stop":1737226460430,"duration":565},"status":"passed","steps":[],"attachments":[],"parameters":[],"shouldDisplayMessage":false,"stepsCount":0,"attachmentsCount":0,"hasContent":false,"attachmentStep":false},{"name":"Click on DELETE button next to project New project2","time":{"start":1737226460430,"stop":1737226460756,"duration":326},"status":"passed","steps":[],"attachments":[],"parameters":[{"name":"projectName","value":"New project2"}],"shouldDisplayMessage":false,"stepsCount":0,"attachmentsCount":0,"hasContent":true,"attachmentStep":false},{"name":"Confirm project deleting","time":{"start":1737226460756,"stop":1737226461926,"duration":1170},"status":"broken","statusMessage":"element click intercepted: Element <div class=\"checkbox\" data-testid=\"caseFieldsTabDeleteDialogCheckbox\">...</div> is not clickable at point (378, 282). Other element would receive the click: <span id=\"pendo-text-610d0fdf\" class=\"bb-text _pendo-simple-text\" data-_pendo-simple-text-10=\"\" style=\"font-size: inherit; text-align: inherit; color: inherit; padding: 0px; margin: 0px; line-height: inherit; font-style: inherit; font-weight: inherit; text-transform: inherit; letter-spacing: inherit; position: initial; display: inline; width: auto; overflow-wrap: break-word; float: none; vertical-align: baseline; white-space: pre-wrap;\">...</span>\n  (Session info: MicrosoftEdge=131.0.2903.112)\nBuild info: version: '4.27.0', revision: 'd6e718d134'\nSystem info: os.name: 'Linux', os.arch: 'amd64', os.version: '6.8.0-1017-azure', java.version: '22.0.2'\nDriver info: org.openqa.selenium.edge.EdgeDriver\nCommand: [bbb2132965ef2294884564722a97a768, clickElement {id=f.3528F5C12B38DD2A90C1F34EC6AE3780.d.CE53450A644D99665E3D6A1BCF4A9EB7.e.197}]\nCapabilities {acceptInsecureCerts: false, browserName: MicrosoftEdge, browserVersion: 131.0.2903.112, fedcm:accounts: true, ms:edgeOptions: {debuggerAddress: localhost:42735}, msedge: {msedgedriverVersion: 131.0.2903.112 (16ab910a6e7..., userDataDir: /tmp/.com.microsoft.Edge.ly...}, networkConnectionEnabled: false, pageLoadStrategy: normal, platformName: linux, proxy: Proxy(), se:cdp: ws://localhost:42735/devtoo..., se:cdpVersion: 131.0.2903.112, setWindowRect: true, strictFileInteractability: false, timeouts: {implicit: 0, pageLoad: 300000, script: 30000}, unhandledPromptBehavior: dismiss and notify, webauthn:extension:credBlob: true, webauthn:extension:largeBlob: true, webauthn:extension:minPinLength: true, webauthn:extension:prf: true, webauthn:virtualAuthenticators: true}\nElement: [[EdgeDriver: MicrosoftEdge on linux (bbb2132965ef2294884564722a97a768)] -> xpath: //label/input[@data-testid='deleteCheckBoxTestId']//ancestor::div[@data-testid='caseFieldsTabDeleteDialogCheckbox']]\nSession ID: bbb2132965ef2294884564722a97a768","statusTrace":"org.openqa.selenium.ElementClickInterceptedException: element click intercepted: Element <div class=\"checkbox\" data-testid=\"caseFieldsTabDeleteDialogCheckbox\">...</div> is not clickable at point (378, 282). Other element would receive the click: <span id=\"pendo-text-610d0fdf\" class=\"bb-text _pendo-simple-text\" data-_pendo-simple-text-10=\"\" style=\"font-size: inherit; text-align: inherit; color: inherit; padding: 0px; margin: 0px; line-height: inherit; font-style: inherit; font-weight: inherit; text-transform: inherit; letter-spacing: inherit; position: initial; display: inline; width: auto; overflow-wrap: break-word; float: none; vertical-align: baseline; white-space: pre-wrap;\">...</span>\n  (Session info: MicrosoftEdge=131.0.2903.112)\nBuild info: version: '4.27.0', revision: 'd6e718d134'\nSystem info: os.name: 'Linux', os.arch: 'amd64', os.version: '6.8.0-1017-azure', java.version: '22.0.2'\nDriver info: org.openqa.selenium.edge.EdgeDriver\nCommand: [bbb2132965ef2294884564722a97a768, clickElement {id=f.3528F5C12B38DD2A90C1F34EC6AE3780.d.CE53450A644D99665E3D6A1BCF4A9EB7.e.197}]\nCapabilities {acceptInsecureCerts: false, browserName: MicrosoftEdge, browserVersion: 131.0.2903.112, fedcm:accounts: true, ms:edgeOptions: {debuggerAddress: localhost:42735}, msedge: {msedgedriverVersion: 131.0.2903.112 (16ab910a6e7..., userDataDir: /tmp/.com.microsoft.Edge.ly...}, networkConnectionEnabled: false, pageLoadStrategy: normal, platformName: linux, proxy: Proxy(), se:cdp: ws://localhost:42735/devtoo..., se:cdpVersion: 131.0.2903.112, setWindowRect: true, strictFileInteractability: false, timeouts: {implicit: 0, pageLoad: 300000, script: 30000}, unhandledPromptBehavior: dismiss and notify, webauthn:extension:credBlob: true, webauthn:extension:largeBlob: true, webauthn:extension:minPinLength: true, webauthn:extension:prf: true, webauthn:virtualAuthenticators: true}\nElement: [[EdgeDriver: MicrosoftEdge on linux (bbb2132965ef2294884564722a97a768)] -> xpath: //label/input[@data-testid='deleteCheckBoxTestId']//ancestor::div[@data-testid='caseFieldsTabDeleteDialogCheckbox']]\nSession ID: bbb2132965ef2294884564722a97a768\n\tat java.base/jdk.internal.reflect.DirectConstructorHandleAccessor.newInstance(DirectConstructorHandleAccessor.java:62)\n\tat java.base/java.lang.reflect.Constructor.newInstanceWithCaller(Constructor.java:502)\n\tat java.base/java.lang.reflect.Constructor.newInstance(Constructor.java:486)\n\tat org.openqa.selenium.remote.ErrorCodec.decode(ErrorCodec.java:167)\n\tat org.openqa.selenium.remote.codec.w3c.W3CHttpResponseCodec.decode(W3CHttpResponseCodec.java:138)\n\tat org.openqa.selenium.remote.codec.w3c.W3CHttpResponseCodec.decode(W3CHttpResponseCodec.java:50)\n\tat org.openqa.selenium.remote.HttpCommandExecutor.execute(HttpCommandExecutor.java:190)\n\tat org.openqa.selenium.remote.service.DriverCommandExecutor.invokeExecute(DriverCommandExecutor.java:216)\n\tat org.openqa.selenium.remote.service.DriverCommandExecutor.execute(DriverCommandExecutor.java:174)\n\tat org.openqa.selenium.remote.RemoteWebDriver.execute(RemoteWebDriver.java:545)\n\tat org.openqa.selenium.remote.RemoteWebElement.execute(RemoteWebElement.java:223)\n\tat org.openqa.selenium.remote.RemoteWebElement.click(RemoteWebElement.java:76)\n\tat pages.ConfirmationDeleteProjectModal.confirmAndDeleteProject(ConfirmationDeleteProjectModal.java:22)\n\tat tests.ProjectTest.checkDeleteProject(ProjectTest.java:38)\n\tat java.base/jdk.internal.reflect.DirectMethodHandleAccessor.invoke(DirectMethodHandleAccessor.java:103)\n\tat java.base/java.lang.reflect.Method.invoke(Method.java:580)\n\tat org.testng.internal.invokers.MethodInvocationHelper.invokeMethod(MethodInvocationHelper.java:141)\n\tat org.testng.internal.invokers.TestInvoker.invokeMethod(TestInvoker.java:686)\n\tat org.testng.internal.invokers.TestInvoker.retryFailed(TestInvoker.java:269)\n\tat org.testng.internal.invokers.MethodRunner.runInSequence(MethodRunner.java:76)\n\tat org.testng.internal.invokers.TestInvoker$MethodInvocationAgent.invoke(TestInvoker.java:992)\n\tat org.testng.internal.invokers.TestInvoker.invokeTestMethods(TestInvoker.java:203)\n\tat org.testng.internal.invokers.TestMethodWorker.invokeTestMethods(TestMethodWorker.java:154)\n\tat org.testng.internal.invokers.TestMethodWorker.run(TestMethodWorker.java:134)\n\tat java.base/java.util.ArrayList.forEach(ArrayList.java:1597)\n\tat org.testng.TestRunner.privateRun(TestRunner.java:739)\n\tat org.testng.TestRunner.run(TestRunner.java:614)\n\tat org.testng.SuiteRunner.runTest(SuiteRunner.java:421)\n\tat org.testng.SuiteRunner$SuiteWorker.run(SuiteRunner.java:463)\n\tat org.testng.internal.thread.ThreadUtil.lambda$execute$0(ThreadUtil.java:64)\n\tat java.base/java.util.concurrent.FutureTask.run(FutureTask.java:317)\n\tat java.base/java.util.concurrent.ThreadPoolExecutor.runWorker(ThreadPoolExecutor.java:1144)\n\tat java.base/java.util.concurrent.ThreadPoolExecutor$Worker.run(ThreadPoolExecutor.java:642)\n\tat java.base/java.lang.Thread.run(Thread.java:1570)\n","steps":[],"attachments":[],"parameters":[],"shouldDisplayMessage":true,"stepsCount":0,"attachmentsCount":0,"hasContent":true,"attachmentStep":false}],"attachments":[],"parameters":[],"shouldDisplayMessage":false,"stepsCount":7,"attachmentsCount":0,"hasContent":true,"attachmentStep":false},"afterStages":[{"name":"Close browser","time":{"start":1737226461934,"stop":1737226463112,"duration":1178},"description":"Close browser","status":"passed","steps":[],"attachments":[{"uid":"77c5937b811627f7","name":"screenshot","source":"77c5937b811627f7.png","type":"image/png","size":95904}],"parameters":[],"shouldDisplayMessage":false,"stepsCount":0,"attachmentsCount":1,"hasContent":true,"attachmentStep":false}],"labels":[{"name":"package","value":"tests.ProjectTest"},{"name":"testClass","value":"tests.ProjectTest"},{"name":"testMethod","value":"checkDeleteProject"},{"name":"parentSuite","value":"TestRail CrossBrowserTest"},{"name":"suite","value":"Edge"},{"name":"subSuite","value":"tests.ProjectTest"},{"name":"host","value":"fv-az1933-247"},{"name":"thread","value":"2385@fv-az1933-247.TestNG-tests-2(31)"},{"name":"framework","value":"testng"},{"name":"language","value":"java"},{"name":"resultFormat","value":"allure2"}],"parameters":[{"name":"browser","value":"edge"}],"links":[],"hidden":false,"retry":false,"extra":{"severity":"normal","retries":[{"uid":"3c1c346b4cb8d5aa","status":"skipped","statusDetails":"The following asserts failed:\n\tProject is NOT deleted expected [false] but found [true],\n\tProject is NOT deleted expected [false] but found [true]","time":{"start":1737226450278,"stop":1737226454859,"duration":4581}},{"uid":"647c7f8c8b9b1b79","status":"skipped","statusDetails":"The following asserts failed:\n\tProject is NOT deleted expected [false] but found [true]","time":{"start":1737226444450,"stop":1737226448571,"duration":4121}}],"categories":[{"name":"Test defects","matchedStatuses":[],"flaky":false}],"history":{"statistic":{"failed":3,"broken":1,"skipped":0,"passed":0,"unknown":0,"total":4},"items":[{"uid":"8b4c5cc6143a4607","reportUrl":"https://Anastasia-Ivanovaa.github.io/TestRail/14//#testresult/8b4c5cc6143a4607","status":"failed","statusDetails":"The following asserts failed:\n\tProject is NOT deleted expected [false] but found [true],\n\tProject is NOT deleted expected [false] but found [true],\n\tProject is NOT deleted expected [false] but found [true]","time":{"start":1737061092862,"stop":1737061098297,"duration":5435}},{"uid":"620731220718c3f8","reportUrl":"https://Anastasia-Ivanovaa.github.io/TestRail/13//#testresult/620731220718c3f8","status":"failed","statusDetails":"The following asserts failed:\n\tProject is NOT deleted expected [false] but found [true],\n\tProject is NOT deleted expected [false] but found [true],\n\tProject is NOT deleted expected [false] but found [true]","time":{"start":1736890474164,"stop":1736890479829,"duration":5665}},{"uid":"eef577aa1f09d336","reportUrl":"https://Anastasia-Ivanovaa.github.io/TestRail/12//#testresult/eef577aa1f09d336","status":"failed","statusDetails":"The following asserts failed:\n\tProject is NOT deleted expected [false] but found [true],\n\tProject is NOT deleted expected [false] but found [true],\n\tProject is NOT deleted expected [false] but found [true]","time":{"start":1736791560681,"stop":1736791564802,"duration":4121}}]},"tags":[]},"source":"1c71611f5ca3f394.json","parameterValues":["edge"]}