{"uid":"8b4c5cc6143a4607","name":"Check that the project can be deleted","fullName":"tests.ProjectTest.checkDeleteProject","historyId":"b86f442f4937735501fbe3fc63026b3e","time":{"start":1737061092862,"stop":1737061098297,"duration":5435},"description":"Check that project is deleted","descriptionHtml":"<p>Check that project is deleted</p>\n","status":"failed","statusMessage":"The following asserts failed:\n\tProject is NOT deleted expected [false] but found [true],\n\tProject is NOT deleted expected [false] but found [true],\n\tProject is NOT deleted expected [false] but found [true]","statusTrace":"java.lang.AssertionError: The following asserts failed:\n\tProject is NOT deleted expected [false] but found [true],\n\tProject is NOT deleted expected [false] but found [true],\n\tProject is NOT deleted expected [false] but found [true]\n\tat org.testng.asserts.SoftAssert.assertAll(SoftAssert.java:46)\n\tat org.testng.asserts.SoftAssert.assertAll(SoftAssert.java:30)\n\tat tests.ProjectTest.checkDeleteProject(ProjectTest.java:46)\n\tat java.base/jdk.internal.reflect.DirectMethodHandleAccessor.invoke(DirectMethodHandleAccessor.java:103)\n\tat java.base/java.lang.reflect.Method.invoke(Method.java:580)\n\tat org.testng.internal.invokers.MethodInvocationHelper.invokeMethod(MethodInvocationHelper.java:141)\n\tat org.testng.internal.invokers.TestInvoker.invokeMethod(TestInvoker.java:686)\n\tat org.testng.internal.invokers.TestInvoker.retryFailed(TestInvoker.java:269)\n\tat org.testng.internal.invokers.MethodRunner.runInSequence(MethodRunner.java:76)\n\tat org.testng.internal.invokers.TestInvoker$MethodInvocationAgent.invoke(TestInvoker.java:992)\n\tat org.testng.internal.invokers.TestInvoker.invokeTestMethods(TestInvoker.java:203)\n\tat org.testng.internal.invokers.TestMethodWorker.invokeTestMethods(TestMethodWorker.java:154)\n\tat org.testng.internal.invokers.TestMethodWorker.run(TestMethodWorker.java:134)\n\tat java.base/java.util.ArrayList.forEach(ArrayList.java:1597)\n\tat org.testng.TestRunner.privateRun(TestRunner.java:739)\n\tat org.testng.TestRunner.run(TestRunner.java:614)\n\tat org.testng.SuiteRunner.runTest(SuiteRunner.java:421)\n\tat org.testng.SuiteRunner$SuiteWorker.run(SuiteRunner.java:463)\n\tat org.testng.internal.thread.ThreadUtil.lambda$execute$0(ThreadUtil.java:64)\n\tat java.base/java.util.concurrent.FutureTask.run(FutureTask.java:317)\n\tat java.base/java.util.concurrent.ThreadPoolExecutor.runWorker(ThreadPoolExecutor.java:1144)\n\tat java.base/java.util.concurrent.ThreadPoolExecutor$Worker.run(ThreadPoolExecutor.java:642)\n\tat java.base/java.lang.Thread.run(Thread.java:1570)\n","flaky":false,"newFailed":false,"newBroken":false,"newPassed":false,"retriesCount":2,"retriesStatusChange":true,"beforeStages":[{"name":"Open browser","time":{"start":1737061092484,"stop":1737061092860,"duration":376},"description":"Open browser","status":"passed","steps":[],"attachments":[],"parameters":[],"shouldDisplayMessage":false,"stepsCount":0,"attachmentsCount":0,"hasContent":false,"attachmentStep":false}],"testStage":{"description":"Check that project is deleted","status":"failed","statusMessage":"The following asserts failed:\n\tProject is NOT deleted expected [false] but found [true],\n\tProject is NOT deleted expected [false] but found [true],\n\tProject is NOT deleted expected [false] but found [true]","statusTrace":"java.lang.AssertionError: The following asserts failed:\n\tProject is NOT deleted expected [false] but found [true],\n\tProject is NOT deleted expected [false] but found [true],\n\tProject is NOT deleted expected [false] but found [true]\n\tat org.testng.asserts.SoftAssert.assertAll(SoftAssert.java:46)\n\tat org.testng.asserts.SoftAssert.assertAll(SoftAssert.java:30)\n\tat tests.ProjectTest.checkDeleteProject(ProjectTest.java:46)\n\tat java.base/jdk.internal.reflect.DirectMethodHandleAccessor.invoke(DirectMethodHandleAccessor.java:103)\n\tat java.base/java.lang.reflect.Method.invoke(Method.java:580)\n\tat org.testng.internal.invokers.MethodInvocationHelper.invokeMethod(MethodInvocationHelper.java:141)\n\tat org.testng.internal.invokers.TestInvoker.invokeMethod(TestInvoker.java:686)\n\tat org.testng.internal.invokers.TestInvoker.retryFailed(TestInvoker.java:269)\n\tat org.testng.internal.invokers.MethodRunner.runInSequence(MethodRunner.java:76)\n\tat org.testng.internal.invokers.TestInvoker$MethodInvocationAgent.invoke(TestInvoker.java:992)\n\tat org.testng.internal.invokers.TestInvoker.invokeTestMethods(TestInvoker.java:203)\n\tat org.testng.internal.invokers.TestMethodWorker.invokeTestMethods(TestMethodWorker.java:154)\n\tat org.testng.internal.invokers.TestMethodWorker.run(TestMethodWorker.java:134)\n\tat java.base/java.util.ArrayList.forEach(ArrayList.java:1597)\n\tat org.testng.TestRunner.privateRun(TestRunner.java:739)\n\tat org.testng.TestRunner.run(TestRunner.java:614)\n\tat org.testng.SuiteRunner.runTest(SuiteRunner.java:421)\n\tat org.testng.SuiteRunner$SuiteWorker.run(SuiteRunner.java:463)\n\tat org.testng.internal.thread.ThreadUtil.lambda$execute$0(ThreadUtil.java:64)\n\tat java.base/java.util.concurrent.FutureTask.run(FutureTask.java:317)\n\tat java.base/java.util.concurrent.ThreadPoolExecutor.runWorker(ThreadPoolExecutor.java:1144)\n\tat java.base/java.util.concurrent.ThreadPoolExecutor$Worker.run(ThreadPoolExecutor.java:642)\n\tat java.base/java.lang.Thread.run(Thread.java:1570)\n","steps":[{"name":"Open Login page","time":{"start":1737061092863,"stop":1737061094879,"duration":2016},"status":"passed","steps":[],"attachments":[],"parameters":[],"shouldDisplayMessage":false,"stepsCount":0,"attachmentsCount":0,"hasContent":false,"attachmentStep":false},{"name":"Login into app - email:anastasiaroubo@gmail.com password:Testrail2025!","time":{"start":1737061094879,"stop":1737061096073,"duration":1194},"status":"passed","steps":[],"attachments":[],"parameters":[{"name":"email","value":"anastasiaroubo@gmail.com"},{"name":"password","value":"Testrail2025!"}],"shouldDisplayMessage":false,"stepsCount":0,"attachmentsCount":0,"hasContent":true,"attachmentStep":false},{"name":"Click on 'Add project' button","time":{"start":1737061096073,"stop":1737061096844,"duration":771},"status":"passed","steps":[],"attachments":[],"parameters":[],"shouldDisplayMessage":false,"stepsCount":0,"attachmentsCount":0,"hasContent":false,"attachmentStep":false},{"name":"Fill the fields for creating a new project 'New project2'","time":{"start":1737061096845,"stop":1737061096990,"duration":145},"status":"passed","steps":[],"attachments":[],"parameters":[{"name":"projectName","value":"New project2"}],"shouldDisplayMessage":false,"stepsCount":0,"attachmentsCount":0,"hasContent":true,"attachmentStep":false},{"name":"Click on ADD PROJECT button","time":{"start":1737061096990,"stop":1737061097539,"duration":549},"status":"passed","steps":[],"attachments":[],"parameters":[],"shouldDisplayMessage":false,"stepsCount":0,"attachmentsCount":0,"hasContent":false,"attachmentStep":false},{"name":"Click on DELETE button next to project New project2","time":{"start":1737061097539,"stop":1737061097626,"duration":87},"status":"passed","steps":[],"attachments":[],"parameters":[{"name":"projectName","value":"New project2"}],"shouldDisplayMessage":false,"stepsCount":0,"attachmentsCount":0,"hasContent":true,"attachmentStep":false},{"name":"Confirm project deleting","time":{"start":1737061097626,"stop":1737061098138,"duration":512},"status":"passed","steps":[],"attachments":[],"parameters":[],"shouldDisplayMessage":false,"stepsCount":0,"attachmentsCount":0,"hasContent":false,"attachmentStep":false},{"name":"Get the text message","time":{"start":1737061098138,"stop":1737061098278,"duration":140},"status":"passed","steps":[],"attachments":[],"parameters":[],"shouldDisplayMessage":false,"stepsCount":0,"attachmentsCount":0,"hasContent":false,"attachmentStep":false},{"name":"Check that project New project2 is shown in projects list","time":{"start":1737061098278,"stop":1737061098297,"duration":19},"status":"passed","steps":[],"attachments":[],"parameters":[{"name":"projectName","value":"New project2"}],"shouldDisplayMessage":false,"stepsCount":0,"attachmentsCount":0,"hasContent":true,"attachmentStep":false}],"attachments":[],"parameters":[],"shouldDisplayMessage":true,"stepsCount":9,"attachmentsCount":0,"hasContent":true,"attachmentStep":false},"afterStages":[{"name":"Close browser","time":{"start":1737061098298,"stop":1737061099446,"duration":1148},"description":"Close browser","status":"passed","steps":[],"attachments":[{"uid":"5be281dcece342f2","name":"screenshot","source":"5be281dcece342f2.png","type":"image/png","size":32819}],"parameters":[],"shouldDisplayMessage":false,"stepsCount":0,"attachmentsCount":1,"hasContent":true,"attachmentStep":false}],"labels":[{"name":"package","value":"tests.ProjectTest"},{"name":"testClass","value":"tests.ProjectTest"},{"name":"testMethod","value":"checkDeleteProject"},{"name":"parentSuite","value":"TestRail CrossBrowserTest"},{"name":"suite","value":"Edge"},{"name":"subSuite","value":"tests.ProjectTest"},{"name":"host","value":"fv-az1922-222"},{"name":"thread","value":"2385@fv-az1922-222.TestNG-tests-2(31)"},{"name":"framework","value":"testng"},{"name":"language","value":"java"},{"name":"resultFormat","value":"allure2"}],"parameters":[{"name":"browser","value":"edge"}],"links":[],"hidden":false,"retry":false,"extra":{"severity":"normal","retries":[{"uid":"f3dd04becbd320e","status":"skipped","statusDetails":"The following asserts failed:\n\tProject is NOT deleted expected [false] but found [true],\n\tProject is NOT deleted expected [false] but found [true]","time":{"start":1737061086165,"stop":1737061091407,"duration":5242}},{"uid":"8c462ac4b5862dfc","status":"skipped","statusDetails":"The following asserts failed:\n\tProject is NOT deleted expected [false] but found [true]","time":{"start":1737061079151,"stop":1737061084698,"duration":5547}}],"categories":[{"name":"Product defects","matchedStatuses":[],"flaky":false}],"history":{"statistic":{"failed":3,"broken":0,"skipped":0,"passed":0,"unknown":0,"total":3},"items":[{"uid":"620731220718c3f8","reportUrl":"https://Anastasia-Ivanovaa.github.io/TestRail/13//#testresult/620731220718c3f8","status":"failed","statusDetails":"The following asserts failed:\n\tProject is NOT deleted expected [false] but found [true],\n\tProject is NOT deleted expected [false] but found [true],\n\tProject is NOT deleted expected [false] but found [true]","time":{"start":1736890474164,"stop":1736890479829,"duration":5665}},{"uid":"eef577aa1f09d336","reportUrl":"https://Anastasia-Ivanovaa.github.io/TestRail/12//#testresult/eef577aa1f09d336","status":"failed","statusDetails":"The following asserts failed:\n\tProject is NOT deleted expected [false] but found [true],\n\tProject is NOT deleted expected [false] but found [true],\n\tProject is NOT deleted expected [false] but found [true]","time":{"start":1736791560681,"stop":1736791564802,"duration":4121}}]},"tags":[]},"source":"8b4c5cc6143a4607.json","parameterValues":["edge"]}