{"uid":"df9f53dcb10c377","name":"Check that new column can be added to the test cases table","fullName":"tests.TestCaseTest.checkAddNewColumnToTable","historyId":"73909efffe7db41201609bb0e736b9e8","time":{"start":1737060844077,"stop":1737060849061,"duration":4984},"description":"Check that a new column can be added to the test cases table","descriptionHtml":"<p>Check that a new column can be added to the test cases table</p>\n","status":"broken","statusMessage":"Cannot locate option with text: Estimate\nFor documentation on this error, please visit: https://www.selenium.dev/documentation/webdriver/troubleshooting/errors#no-such-element-exception\nBuild info: version: '4.27.0', revision: 'd6e718d134'\nSystem info: os.name: 'Linux', os.arch: 'amd64', os.version: '6.8.0-1017-azure', java.version: '22.0.2'\nDriver info: driver.version: unknown","statusTrace":"org.openqa.selenium.NoSuchElementException: Cannot locate option with text: Estimate\nFor documentation on this error, please visit: https://www.selenium.dev/documentation/webdriver/troubleshooting/errors#no-such-element-exception\nBuild info: version: '4.27.0', revision: 'd6e718d134'\nSystem info: os.name: 'Linux', os.arch: 'amd64', os.version: '6.8.0-1017-azure', java.version: '22.0.2'\nDriver info: driver.version: unknown\n\tat org.openqa.selenium.support.ui.Select.selectByContainsVisibleText(Select.java:236)\n\tat pages.AddColumnModal.selectDropdownOption(AddColumnModal.java:38)\n\tat tests.TestCaseTest.checkAddNewColumnToTable(TestCaseTest.java:129)\n\tat java.base/jdk.internal.reflect.DirectMethodHandleAccessor.invoke(DirectMethodHandleAccessor.java:103)\n\tat java.base/java.lang.reflect.Method.invoke(Method.java:580)\n\tat org.testng.internal.invokers.MethodInvocationHelper.invokeMethod(MethodInvocationHelper.java:141)\n\tat org.testng.internal.invokers.TestInvoker.invokeMethod(TestInvoker.java:686)\n\tat org.testng.internal.invokers.TestInvoker.retryFailed(TestInvoker.java:269)\n\tat org.testng.internal.invokers.MethodRunner.runInSequence(MethodRunner.java:76)\n\tat org.testng.internal.invokers.TestInvoker$MethodInvocationAgent.invoke(TestInvoker.java:992)\n\tat org.testng.internal.invokers.TestInvoker.invokeTestMethods(TestInvoker.java:203)\n\tat org.testng.internal.invokers.TestMethodWorker.invokeTestMethods(TestMethodWorker.java:154)\n\tat org.testng.internal.invokers.TestMethodWorker.run(TestMethodWorker.java:134)\n\tat java.base/java.util.ArrayList.forEach(ArrayList.java:1597)\n\tat org.testng.TestRunner.privateRun(TestRunner.java:739)\n\tat org.testng.TestRunner.run(TestRunner.java:614)\n\tat org.testng.SuiteRunner.runTest(SuiteRunner.java:421)\n\tat org.testng.SuiteRunner$SuiteWorker.run(SuiteRunner.java:463)\n\tat org.testng.internal.thread.ThreadUtil.lambda$execute$0(ThreadUtil.java:64)\n\tat java.base/java.util.concurrent.FutureTask.run(FutureTask.java:317)\n\tat java.base/java.util.concurrent.ThreadPoolExecutor.runWorker(ThreadPoolExecutor.java:1144)\n\tat java.base/java.util.concurrent.ThreadPoolExecutor$Worker.run(ThreadPoolExecutor.java:642)\n\tat java.base/java.lang.Thread.run(Thread.java:1570)\n","flaky":false,"newFailed":false,"newBroken":false,"newPassed":false,"retriesCount":2,"retriesStatusChange":true,"beforeStages":[{"name":"Open browser","time":{"start":1737060842402,"stop":1737060844073,"duration":1671},"description":"Open browser","status":"passed","steps":[],"attachments":[],"parameters":[],"shouldDisplayMessage":false,"stepsCount":0,"attachmentsCount":0,"hasContent":false,"attachmentStep":false}],"testStage":{"description":"Check that a new column can be added to the test cases table","status":"broken","statusMessage":"Cannot locate option with text: Estimate\nFor documentation on this error, please visit: https://www.selenium.dev/documentation/webdriver/troubleshooting/errors#no-such-element-exception\nBuild info: version: '4.27.0', revision: 'd6e718d134'\nSystem info: os.name: 'Linux', os.arch: 'amd64', os.version: '6.8.0-1017-azure', java.version: '22.0.2'\nDriver info: driver.version: unknown","statusTrace":"org.openqa.selenium.NoSuchElementException: Cannot locate option with text: Estimate\nFor documentation on this error, please visit: https://www.selenium.dev/documentation/webdriver/troubleshooting/errors#no-such-element-exception\nBuild info: version: '4.27.0', revision: 'd6e718d134'\nSystem info: os.name: 'Linux', os.arch: 'amd64', os.version: '6.8.0-1017-azure', java.version: '22.0.2'\nDriver info: driver.version: unknown\n\tat org.openqa.selenium.support.ui.Select.selectByContainsVisibleText(Select.java:236)\n\tat pages.AddColumnModal.selectDropdownOption(AddColumnModal.java:38)\n\tat tests.TestCaseTest.checkAddNewColumnToTable(TestCaseTest.java:129)\n\tat java.base/jdk.internal.reflect.DirectMethodHandleAccessor.invoke(DirectMethodHandleAccessor.java:103)\n\tat java.base/java.lang.reflect.Method.invoke(Method.java:580)\n\tat org.testng.internal.invokers.MethodInvocationHelper.invokeMethod(MethodInvocationHelper.java:141)\n\tat org.testng.internal.invokers.TestInvoker.invokeMethod(TestInvoker.java:686)\n\tat org.testng.internal.invokers.TestInvoker.retryFailed(TestInvoker.java:269)\n\tat org.testng.internal.invokers.MethodRunner.runInSequence(MethodRunner.java:76)\n\tat org.testng.internal.invokers.TestInvoker$MethodInvocationAgent.invoke(TestInvoker.java:992)\n\tat org.testng.internal.invokers.TestInvoker.invokeTestMethods(TestInvoker.java:203)\n\tat org.testng.internal.invokers.TestMethodWorker.invokeTestMethods(TestMethodWorker.java:154)\n\tat org.testng.internal.invokers.TestMethodWorker.run(TestMethodWorker.java:134)\n\tat java.base/java.util.ArrayList.forEach(ArrayList.java:1597)\n\tat org.testng.TestRunner.privateRun(TestRunner.java:739)\n\tat org.testng.TestRunner.run(TestRunner.java:614)\n\tat org.testng.SuiteRunner.runTest(SuiteRunner.java:421)\n\tat org.testng.SuiteRunner$SuiteWorker.run(SuiteRunner.java:463)\n\tat org.testng.internal.thread.ThreadUtil.lambda$execute$0(ThreadUtil.java:64)\n\tat java.base/java.util.concurrent.FutureTask.run(FutureTask.java:317)\n\tat java.base/java.util.concurrent.ThreadPoolExecutor.runWorker(ThreadPoolExecutor.java:1144)\n\tat java.base/java.util.concurrent.ThreadPoolExecutor$Worker.run(ThreadPoolExecutor.java:642)\n\tat java.base/java.lang.Thread.run(Thread.java:1570)\n","steps":[{"name":"Open Login page","time":{"start":1737060844077,"stop":1737060845563,"duration":1486},"status":"passed","steps":[],"attachments":[],"parameters":[],"shouldDisplayMessage":false,"stepsCount":0,"attachmentsCount":0,"hasContent":false,"attachmentStep":false},{"name":"Login into app - email:anastasiaroubo@gmail.com password:Testrail2025!","time":{"start":1737060845563,"stop":1737060846989,"duration":1426},"status":"passed","steps":[],"attachments":[],"parameters":[{"name":"email","value":"anastasiaroubo@gmail.com"},{"name":"password","value":"Testrail2025!"}],"shouldDisplayMessage":false,"stepsCount":0,"attachmentsCount":0,"hasContent":true,"attachmentStep":false},{"name":"Open project Test from Dashboard page","time":{"start":1737060846989,"stop":1737060847628,"duration":639},"status":"passed","steps":[],"attachments":[],"parameters":[{"name":"projectName","value":"Test"}],"shouldDisplayMessage":false,"stepsCount":0,"attachmentsCount":0,"hasContent":true,"attachmentStep":false},{"name":"Open Test Cases tab","time":{"start":1737060847628,"stop":1737060848312,"duration":684},"status":"passed","steps":[],"attachments":[],"parameters":[{"name":"tabName","value":"Test Cases"},{"name":"pageClass","value":"class pages.TestCasesListPage"}],"shouldDisplayMessage":false,"stepsCount":0,"attachmentsCount":0,"hasContent":true,"attachmentStep":false},{"name":"Click on Columns button","time":{"start":1737060848312,"stop":1737060848575,"duration":263},"status":"passed","steps":[],"attachments":[],"parameters":[{"name":"buttonName","value":"Columns"}],"shouldDisplayMessage":false,"stepsCount":0,"attachmentsCount":0,"hasContent":true,"attachmentStep":false},{"name":"Check that Select Columns Modal is opened","time":{"start":1737060848576,"stop":1737060848625,"duration":49},"status":"passed","steps":[],"attachments":[],"parameters":[],"shouldDisplayMessage":false,"stepsCount":0,"attachmentsCount":0,"hasContent":false,"attachmentStep":false},{"name":"Click on ADD COLUMN button in Select Columns Modal","time":{"start":1737060848625,"stop":1737060849025,"duration":400},"status":"passed","steps":[],"attachments":[],"parameters":[],"shouldDisplayMessage":false,"stepsCount":0,"attachmentsCount":0,"hasContent":false,"attachmentStep":false},{"name":"Check that Add Column Modal is opened","time":{"start":1737060849025,"stop":1737060849036,"duration":11},"status":"passed","steps":[],"attachments":[],"parameters":[],"shouldDisplayMessage":false,"stepsCount":0,"attachmentsCount":0,"hasContent":false,"attachmentStep":false},{"name":"Select 'Estimate' in Column dropdown","time":{"start":1737060849036,"stop":1737060849061,"duration":25},"status":"broken","statusMessage":"Cannot locate option with text: Estimate\nFor documentation on this error, please visit: https://www.selenium.dev/documentation/webdriver/troubleshooting/errors#no-such-element-exception\nBuild info: version: '4.27.0', revision: 'd6e718d134'\nSystem info: os.name: 'Linux', os.arch: 'amd64', os.version: '6.8.0-1017-azure', java.version: '22.0.2'\nDriver info: driver.version: unknown","statusTrace":"org.openqa.selenium.NoSuchElementException: Cannot locate option with text: Estimate\nFor documentation on this error, please visit: https://www.selenium.dev/documentation/webdriver/troubleshooting/errors#no-such-element-exception\nBuild info: version: '4.27.0', revision: 'd6e718d134'\nSystem info: os.name: 'Linux', os.arch: 'amd64', os.version: '6.8.0-1017-azure', java.version: '22.0.2'\nDriver info: driver.version: unknown\n\tat org.openqa.selenium.support.ui.Select.selectByContainsVisibleText(Select.java:236)\n\tat pages.AddColumnModal.selectDropdownOption(AddColumnModal.java:38)\n\tat tests.TestCaseTest.checkAddNewColumnToTable(TestCaseTest.java:129)\n\tat java.base/jdk.internal.reflect.DirectMethodHandleAccessor.invoke(DirectMethodHandleAccessor.java:103)\n\tat java.base/java.lang.reflect.Method.invoke(Method.java:580)\n\tat org.testng.internal.invokers.MethodInvocationHelper.invokeMethod(MethodInvocationHelper.java:141)\n\tat org.testng.internal.invokers.TestInvoker.invokeMethod(TestInvoker.java:686)\n\tat org.testng.internal.invokers.TestInvoker.retryFailed(TestInvoker.java:269)\n\tat org.testng.internal.invokers.MethodRunner.runInSequence(MethodRunner.java:76)\n\tat org.testng.internal.invokers.TestInvoker$MethodInvocationAgent.invoke(TestInvoker.java:992)\n\tat org.testng.internal.invokers.TestInvoker.invokeTestMethods(TestInvoker.java:203)\n\tat org.testng.internal.invokers.TestMethodWorker.invokeTestMethods(TestMethodWorker.java:154)\n\tat org.testng.internal.invokers.TestMethodWorker.run(TestMethodWorker.java:134)\n\tat java.base/java.util.ArrayList.forEach(ArrayList.java:1597)\n\tat org.testng.TestRunner.privateRun(TestRunner.java:739)\n\tat org.testng.TestRunner.run(TestRunner.java:614)\n\tat org.testng.SuiteRunner.runTest(SuiteRunner.java:421)\n\tat org.testng.SuiteRunner$SuiteWorker.run(SuiteRunner.java:463)\n\tat org.testng.internal.thread.ThreadUtil.lambda$execute$0(ThreadUtil.java:64)\n\tat java.base/java.util.concurrent.FutureTask.run(FutureTask.java:317)\n\tat java.base/java.util.concurrent.ThreadPoolExecutor.runWorker(ThreadPoolExecutor.java:1144)\n\tat java.base/java.util.concurrent.ThreadPoolExecutor$Worker.run(ThreadPoolExecutor.java:642)\n\tat java.base/java.lang.Thread.run(Thread.java:1570)\n","steps":[],"attachments":[],"parameters":[{"name":"optionName","value":"Estimate"}],"shouldDisplayMessage":true,"stepsCount":0,"attachmentsCount":0,"hasContent":true,"attachmentStep":false}],"attachments":[],"parameters":[],"shouldDisplayMessage":false,"stepsCount":9,"attachmentsCount":0,"hasContent":true,"attachmentStep":false},"afterStages":[{"name":"Close browser","time":{"start":1737060849065,"stop":1737060849835,"duration":770},"description":"Close browser","status":"passed","steps":[],"attachments":[{"uid":"22d18448f5c3b953","name":"screenshot","source":"22d18448f5c3b953.png","type":"image/png","size":109192}],"parameters":[],"shouldDisplayMessage":false,"stepsCount":0,"attachmentsCount":1,"hasContent":true,"attachmentStep":false}],"labels":[{"name":"package","value":"tests.TestCaseTest"},{"name":"testClass","value":"tests.TestCaseTest"},{"name":"testMethod","value":"checkAddNewColumnToTable"},{"name":"parentSuite","value":"TestRail CrossBrowserTest"},{"name":"suite","value":"FireFox"},{"name":"subSuite","value":"tests.TestCaseTest"},{"name":"host","value":"fv-az1922-222"},{"name":"thread","value":"2385@fv-az1922-222.TestNG-tests-3(32)"},{"name":"framework","value":"testng"},{"name":"language","value":"java"},{"name":"resultFormat","value":"allure2"}],"parameters":[{"name":"browser","value":"firefox"}],"links":[],"hidden":false,"retry":false,"extra":{"severity":"normal","retries":[{"uid":"1c568c8d7b24f0f4","status":"skipped","statusDetails":"Element <span class=\"button-text\"> is not clickable at point (1055,168) because another element <div class=\"blockUI blockOverlay\"> obscures it\nBuild info: version: '4.27.0', revision: 'd6e718d134'\nSystem info: os.name: 'Linux', os.arch: 'amd64', os.version: '6.8.0-1017-azure', java.version: '22.0.2'\nDriver info: org.openqa.selenium.firefox.FirefoxDriver\nCommand: [4eb3b15a-3140-4f6d-b0a6-b5e729922807, clickElement {id=81d40b60-21ab-450e-8c6d-5009e0b28792}]\nCapabilities {acceptInsecureCerts: true, browserName: firefox, browserVersion: 133.0.3, moz:accessibilityChecks: false, moz:buildID: 20241209150345, moz:debuggerAddress: 127.0.0.1:20302, moz:geckodriverVersion: 0.35.0, moz:headless: true, moz:platformVersion: 6.8.0-1017-azure, moz:processID: 3555, moz:profile: /tmp/rust_mozprofilesL5rLv, moz:shutdownTimeout: 60000, moz:webdriverClick: true, moz:windowless: false, pageLoadStrategy: normal, platformName: linux, proxy: Proxy(), se:cdp: ws://127.0.0.1:20302/devtoo..., se:cdpVersion: 85.0, setWindowRect: true, strictFileInteractability: false, timeouts: {implicit: 0, pageLoad: 300000, script: 30000}, unhandledPromptBehavior: dismiss and notify, userAgent: Mozilla/5.0 (X11; Ubuntu; L...}\nElement: [[FirefoxDriver: firefox on linux (4eb3b15a-3140-4f6d-b0a6-b5e729922807)] -> xpath: //div[@id= 'contentToolbar']//a[contains(@class,'toolbar-button')]/span[text()='Columns']]\nSession ID: 4eb3b15a-3140-4f6d-b0a6-b5e729922807","time":{"start":1737060837447,"stop":1737060841642,"duration":4195}},{"uid":"11e252b18292bc54","status":"skipped","statusDetails":"Element <span class=\"button-text\"> is not clickable at point (1055,168) because another element <div class=\"blockUI blockOverlay\"> obscures it\nBuild info: version: '4.27.0', revision: 'd6e718d134'\nSystem info: os.name: 'Linux', os.arch: 'amd64', os.version: '6.8.0-1017-azure', java.version: '22.0.2'\nDriver info: org.openqa.selenium.firefox.FirefoxDriver\nCommand: [e93d9b77-d18c-4c38-afbc-4e2f68d1080c, clickElement {id=773d9599-4778-4a2a-a613-6e436b40d1dd}]\nCapabilities {acceptInsecureCerts: true, browserName: firefox, browserVersion: 133.0.3, moz:accessibilityChecks: false, moz:buildID: 20241209150345, moz:debuggerAddress: 127.0.0.1:20180, moz:geckodriverVersion: 0.35.0, moz:headless: true, moz:platformVersion: 6.8.0-1017-azure, moz:processID: 2537, moz:profile: /tmp/rust_mozprofileKmjGuA, moz:shutdownTimeout: 60000, moz:webdriverClick: true, moz:windowless: false, pageLoadStrategy: normal, platformName: linux, proxy: Proxy(), se:cdp: ws://127.0.0.1:20180/devtoo..., se:cdpVersion: 85.0, setWindowRect: true, strictFileInteractability: false, timeouts: {implicit: 0, pageLoad: 300000, script: 30000}, unhandledPromptBehavior: dismiss and notify, userAgent: Mozilla/5.0 (X11; Ubuntu; L...}\nElement: [[FirefoxDriver: firefox on linux (e93d9b77-d18c-4c38-afbc-4e2f68d1080c)] -> xpath: //div[@id= 'contentToolbar']//a[contains(@class,'toolbar-button')]/span[text()='Columns']]\nSession ID: e93d9b77-d18c-4c38-afbc-4e2f68d1080c","time":{"start":1737060829331,"stop":1737060834525,"duration":5194}}],"categories":[{"name":"Test defects","matchedStatuses":[],"flaky":false}],"tags":[]},"source":"df9f53dcb10c377.json","parameterValues":["firefox"]}